<?xml version="1.0" encoding="UTF-8"?>
<testsuite failures="9" errors="0" skipped="13" tests="22" time="0.034234" name="Chinese Chess (象棋) Rules">
<testcase classname="Chinese Chess (象棋) Rules" name="Red moves the General within the palace (Legal)" time="0.002549">
  <skipped/>
  <system-out>
    <![CDATA[
🎮 開始新的測試場景
✅ 場景通過: Red moves the General within the palace (Legal)
]]>
  </system-out>
  <system-err>
    <![CDATA[]]>
  </system-err>
</testcase>
<testcase classname="Chinese Chess (象棋) Rules" name="Red moves the General outside the palace (Illegal)" time="0.001519">
  <skipped/>
  <system-out>
    <![CDATA[
🎮 開始新的測試場景
✅ 場景通過: Red moves the General outside the palace (Illegal)
]]>
  </system-out>
  <system-err>
    <![CDATA[]]>
  </system-err>
</testcase>
<testcase classname="Chinese Chess (象棋) Rules" name="Generals face each other on the same file (Illegal)" time="0.001661">
  <failure message="failed Generals face each other on the same file (Illegal)" type="failed">
    <![CDATA[Scenario: Generals face each other on the same file (Illegal)

Given the board has:

Message:
]]>
    <![CDATA[undefined method `[]' for nil:NilClass (NoMethodError)
./features/step_definitions/chess_steps.rb:37:in `block (2 levels) in <top (required)>'
./features/step_definitions/chess_steps.rb:34:in `each'
./features/step_definitions/chess_steps.rb:34:in `"the board has:"'
features/chinese_chess.feature:29:in `the board has:']]>
  </failure>
  <system-out>
    <![CDATA[
🎮 開始新的測試場景
❌ 場景失敗: Generals face each other on the same file (Illegal)
]]>
  </system-out>
  <system-err>
    <![CDATA[]]>
  </system-err>
</testcase>
<testcase classname="Chinese Chess (象棋) Rules" name="Red moves the Guard diagonally in the palace (Legal)" time="0.001417">
  <skipped/>
  <system-out>
    <![CDATA[
🎮 開始新的測試場景
✅ 場景通過: Red moves the Guard diagonally in the palace (Legal)
]]>
  </system-out>
  <system-err>
    <![CDATA[]]>
  </system-err>
</testcase>
<testcase classname="Chinese Chess (象棋) Rules" name="Red moves the Guard straight (Illegal)" time="0.001336">
  <skipped/>
  <system-out>
    <![CDATA[
🎮 開始新的測試場景
✅ 場景通過: Red moves the Guard straight (Illegal)
]]>
  </system-out>
  <system-err>
    <![CDATA[]]>
  </system-err>
</testcase>
<testcase classname="Chinese Chess (象棋) Rules" name="Red moves the Rook along a clear rank (Legal)" time="0.002156">
  <skipped/>
  <system-out>
    <![CDATA[
🎮 開始新的測試場景
✅ 場景通過: Red moves the Rook along a clear rank (Legal)
]]>
  </system-out>
  <system-err>
    <![CDATA[]]>
  </system-err>
</testcase>
<testcase classname="Chinese Chess (象棋) Rules" name="Red moves the Rook and attempts to jump over a piece (Illegal)" time="0.001641">
  <failure message="failed Red moves the Rook and attempts to jump over a piece (Illegal)" type="failed">
    <![CDATA[Scenario: Red moves the Rook and attempts to jump over a piece (Illegal)

Given the board has:

Message:
]]>
    <![CDATA[undefined method `[]' for nil:NilClass (NoMethodError)
./features/step_definitions/chess_steps.rb:37:in `block (2 levels) in <top (required)>'
./features/step_definitions/chess_steps.rb:34:in `each'
./features/step_definitions/chess_steps.rb:34:in `"the board has:"'
features/chinese_chess.feature:62:in `the board has:']]>
  </failure>
  <system-out>
    <![CDATA[
🎮 開始新的測試場景
❌ 場景失敗: Red moves the Rook and attempts to jump over a piece (Illegal)
]]>
  </system-out>
  <system-err>
    <![CDATA[]]>
  </system-err>
</testcase>
<testcase classname="Chinese Chess (象棋) Rules" name="Red moves the Horse in an “L” shape with no block (Legal)" time="0.001346">
  <skipped/>
  <system-out>
    <![CDATA[
🎮 開始新的測試場景
✅ 場景通過: Red moves the Horse in an “L” shape with no block (Legal)
]]>
  </system-out>
  <system-err>
    <![CDATA[]]>
  </system-err>
</testcase>
<testcase classname="Chinese Chess (象棋) Rules" name="Red moves the Horse and it is blocked by an adjacent piece (Illegal)" time="0.001709">
  <failure message="failed Red moves the Horse and it is blocked by an adjacent piece (Illegal)" type="failed">
    <![CDATA[Scenario: Red moves the Horse and it is blocked by an adjacent piece (Illegal)

Given the board has:

Message:
]]>
    <![CDATA[undefined method `[]' for nil:NilClass (NoMethodError)
./features/step_definitions/chess_steps.rb:37:in `block (2 levels) in <top (required)>'
./features/step_definitions/chess_steps.rb:34:in `each'
./features/step_definitions/chess_steps.rb:34:in `"the board has:"'
features/chinese_chess.feature:80:in `the board has:']]>
  </failure>
  <system-out>
    <![CDATA[
🎮 開始新的測試場景
❌ 場景失敗: Red moves the Horse and it is blocked by an adjacent piece (Illegal)
]]>
  </system-out>
  <system-err>
    <![CDATA[]]>
  </system-err>
</testcase>
<testcase classname="Chinese Chess (象棋) Rules" name="Red moves the Cannon like a Rook with an empty path (Legal)" time="0.001217">
  <skipped/>
  <system-out>
    <![CDATA[
🎮 開始新的測試場景
✅ 場景通過: Red moves the Cannon like a Rook with an empty path (Legal)
]]>
  </system-out>
  <system-err>
    <![CDATA[]]>
  </system-err>
</testcase>
<testcase classname="Chinese Chess (象棋) Rules" name="Red moves the Cannon and jumps exactly one screen to capture (Legal)" time="0.001483">
  <failure message="failed Red moves the Cannon and jumps exactly one screen to capture (Legal)" type="failed">
    <![CDATA[Scenario: Red moves the Cannon and jumps exactly one screen to capture (Legal)

Given the board has:

Message:
]]>
    <![CDATA[undefined method `[]' for nil:NilClass (NoMethodError)
./features/step_definitions/chess_steps.rb:37:in `block (2 levels) in <top (required)>'
./features/step_definitions/chess_steps.rb:34:in `each'
./features/step_definitions/chess_steps.rb:34:in `"the board has:"'
features/chinese_chess.feature:98:in `the board has:']]>
  </failure>
  <system-out>
    <![CDATA[
🎮 開始新的測試場景
❌ 場景失敗: Red moves the Cannon and jumps exactly one screen to capture (Legal)
]]>
  </system-out>
  <system-err>
    <![CDATA[]]>
  </system-err>
</testcase>
<testcase classname="Chinese Chess (象棋) Rules" name="Red moves the Cannon and tries to jump with zero screens (Illegal)" time="0.001894">
  <failure message="failed Red moves the Cannon and tries to jump with zero screens (Illegal)" type="failed">
    <![CDATA[Scenario: Red moves the Cannon and tries to jump with zero screens (Illegal)

Given the board has:

Message:
]]>
    <![CDATA[undefined method `[]' for nil:NilClass (NoMethodError)
./features/step_definitions/chess_steps.rb:37:in `block (2 levels) in <top (required)>'
./features/step_definitions/chess_steps.rb:34:in `each'
./features/step_definitions/chess_steps.rb:34:in `"the board has:"'
features/chinese_chess.feature:108:in `the board has:']]>
  </failure>
  <system-out>
    <![CDATA[
🎮 開始新的測試場景
❌ 場景失敗: Red moves the Cannon and tries to jump with zero screens (Illegal)
]]>
  </system-out>
  <system-err>
    <![CDATA[]]>
  </system-err>
</testcase>
<testcase classname="Chinese Chess (象棋) Rules" name="Red moves the Cannon and tries to jump with more than one screen (Illegal)" time="0.001669">
  <failure message="failed Red moves the Cannon and tries to jump with more than one screen (Illegal)" type="failed">
    <![CDATA[Scenario: Red moves the Cannon and tries to jump with more than one screen (Illegal)

Given the board has:

Message:
]]>
    <![CDATA[undefined method `[]' for nil:NilClass (NoMethodError)
./features/step_definitions/chess_steps.rb:37:in `block (2 levels) in <top (required)>'
./features/step_definitions/chess_steps.rb:34:in `each'
./features/step_definitions/chess_steps.rb:34:in `"the board has:"'
features/chinese_chess.feature:117:in `the board has:']]>
  </failure>
  <system-out>
    <![CDATA[
🎮 開始新的測試場景
❌ 場景失敗: Red moves the Cannon and tries to jump with more than one screen (Illegal)
]]>
  </system-out>
  <system-err>
    <![CDATA[]]>
  </system-err>
</testcase>
<testcase classname="Chinese Chess (象棋) Rules" name="Red moves the Elephant 2-step diagonal with a clear midpoint (Legal)" time="0.001346">
  <skipped/>
  <system-out>
    <![CDATA[
🎮 開始新的測試場景
✅ 場景通過: Red moves the Elephant 2-step diagonal with a clear midpoint (Legal)
]]>
  </system-out>
  <system-err>
    <![CDATA[]]>
  </system-err>
</testcase>
<testcase classname="Chinese Chess (象棋) Rules" name="Red moves the Elephant and tries to cross the river (Illegal)" time="0.001333">
  <skipped/>
  <system-out>
    <![CDATA[
🎮 開始新的測試場景
✅ 場景通過: Red moves the Elephant and tries to cross the river (Illegal)
]]>
  </system-out>
  <system-err>
    <![CDATA[]]>
  </system-err>
</testcase>
<testcase classname="Chinese Chess (象棋) Rules" name="Red moves the Elephant and its midpoint is blocked (Illegal)" time="0.001466">
  <failure message="failed Red moves the Elephant and its midpoint is blocked (Illegal)" type="failed">
    <![CDATA[Scenario: Red moves the Elephant and its midpoint is blocked (Illegal)

Given the board has:

Message:
]]>
    <![CDATA[undefined method `[]' for nil:NilClass (NoMethodError)
./features/step_definitions/chess_steps.rb:37:in `block (2 levels) in <top (required)>'
./features/step_definitions/chess_steps.rb:34:in `each'
./features/step_definitions/chess_steps.rb:34:in `"the board has:"'
features/chinese_chess.feature:143:in `the board has:']]>
  </failure>
  <system-out>
    <![CDATA[
🎮 開始新的測試場景
❌ 場景失敗: Red moves the Elephant and its midpoint is blocked (Illegal)
]]>
  </system-out>
  <system-err>
    <![CDATA[]]>
  </system-err>
</testcase>
<testcase classname="Chinese Chess (象棋) Rules" name="Red moves the Soldier forward before crossing the river (Legal)" time="0.001094">
  <skipped/>
  <system-out>
    <![CDATA[
🎮 開始新的測試場景
✅ 場景通過: Red moves the Soldier forward before crossing the river (Legal)
]]>
  </system-out>
  <system-err>
    <![CDATA[]]>
  </system-err>
</testcase>
<testcase classname="Chinese Chess (象棋) Rules" name="Red moves the Soldier and tries to move sideways before crossing (Illegal)" time="0.001855">
  <skipped/>
  <system-out>
    <![CDATA[
🎮 開始新的測試場景
✅ 場景通過: Red moves the Soldier and tries to move sideways before crossing (Illegal)
]]>
  </system-out>
  <system-err>
    <![CDATA[]]>
  </system-err>
</testcase>
<testcase classname="Chinese Chess (象棋) Rules" name="Red moves the Soldier sideways after crossing the river (Legal)" time="0.001209">
  <skipped/>
  <system-out>
    <![CDATA[
🎮 開始新的測試場景
✅ 場景通過: Red moves the Soldier sideways after crossing the river (Legal)
]]>
  </system-out>
  <system-err>
    <![CDATA[]]>
  </system-err>
</testcase>
<testcase classname="Chinese Chess (象棋) Rules" name="Red moves the Soldier and attempts to move backward after crossing (Illegal)" time="0.001306">
  <skipped/>
  <system-out>
    <![CDATA[
🎮 開始新的測試場景
✅ 場景通過: Red moves the Soldier and attempts to move backward after crossing (Illegal)
]]>
  </system-out>
  <system-err>
    <![CDATA[]]>
  </system-err>
</testcase>
<testcase classname="Chinese Chess (象棋) Rules" name="Red captures opponent's General and wins immediately (Legal)" time="0.001614">
  <failure message="failed Red captures opponent's General and wins immediately (Legal)" type="failed">
    <![CDATA[Scenario: Red captures opponent's General and wins immediately (Legal)

Given the board has:

Message:
]]>
    <![CDATA[undefined method `[]' for nil:NilClass (NoMethodError)
./features/step_definitions/chess_steps.rb:37:in `block (2 levels) in <top (required)>'
./features/step_definitions/chess_steps.rb:34:in `each'
./features/step_definitions/chess_steps.rb:34:in `"the board has:"'
features/chinese_chess.feature:182:in `the board has:']]>
  </failure>
  <system-out>
    <![CDATA[
🎮 開始新的測試場景
❌ 場景失敗: Red captures opponent's General and wins immediately (Legal)
]]>
  </system-out>
  <system-err>
    <![CDATA[]]>
  </system-err>
</testcase>
<testcase classname="Chinese Chess (象棋) Rules" name="Red captures a non-General piece and the game continues (Legal)" time="0.001415">
  <failure message="failed Red captures a non-General piece and the game continues (Legal)" type="failed">
    <![CDATA[Scenario: Red captures a non-General piece and the game continues (Legal)

Given the board has:

Message:
]]>
    <![CDATA[undefined method `[]' for nil:NilClass (NoMethodError)
./features/step_definitions/chess_steps.rb:37:in `block (2 levels) in <top (required)>'
./features/step_definitions/chess_steps.rb:34:in `each'
./features/step_definitions/chess_steps.rb:34:in `"the board has:"'
features/chinese_chess.feature:191:in `the board has:']]>
  </failure>
  <system-out>
    <![CDATA[
🎮 開始新的測試場景
❌ 場景失敗: Red captures a non-General piece and the game continues (Legal)
]]>
  </system-out>
  <system-err>
    <![CDATA[]]>
  </system-err>
</testcase>
</testsuite>
